<?xml version="1.0" encoding="utf-8"?><testsuites name="pytest tests"><testsuite name="pytest" errors="0" failures="0" skipped="0" tests="32" time="7.343" timestamp="2026-06-15T14:33:08.108122+00:00" hostname="agent-env-1addad28-7e66-45fd-b5e4-28007263de06"><testcase classname="backend.tests.test_users_attachments.TestUsers" name="test_create_user_admin" time="0.648" /><testcase classname="backend.tests.test_users_attachments.TestUsers" name="test_list_users_returns_admin_and_consultor" time="0.044" /><testcase classname="backend.tests.test_users_attachments.TestUsers" name="test_list_users_consultor_can_read" time="0.417" /><testcase classname="backend.tests.test_users_attachments.TestUsers" name="test_consultor_cannot_create_user" time="0.047" /><testcase classname="backend.tests.test_users_attachments.TestUsers" name="test_consultor_cannot_patch_user" time="0.045" /><testcase classname="backend.tests.test_users_attachments.TestUsers" name="test_consultor_cannot_delete_user" time="0.046" /><testcase classname="backend.tests.test_users_attachments.TestUsers" name="test_admin_cannot_delete_self" time="0.102" /><testcase classname="backend.tests.test_users_attachments.TestUsers" name="test_admin_can_patch_user" time="0.070" /><testcase classname="backend.tests.test_users_attachments.TestAssignment" name="test_create_with_assignment_returns_user_info" time="0.225" /><testcase classname="backend.tests.test_users_attachments.TestAssignment" name="test_get_problema_includes_followups_attachments_audit" time="0.064" /><testcase classname="backend.tests.test_users_attachments.TestAssignment" name="test_filter_by_atribuido_a_id" time="0.047" /><testcase classname="backend.tests.test_users_attachments.TestProblemaPermissions" name="test_consultor_cannot_edit_problema_he_did_not_create" time="0.047" /><testcase classname="backend.tests.test_users_attachments.TestProblemaPermissions" name="test_consultor_cannot_delete_problema" time="0.048" /><testcase classname="backend.tests.test_users_attachments.TestProblemaPermissions" name="test_consultor_can_edit_own_problema" time="0.099" /><testcase classname="backend.tests.test_users_attachments.TestAttachments" name="test_upload_and_list_attachment" time="0.698" /><testcase classname="backend.tests.test_users_attachments.TestCSV" name="test_csv_includes_assignee_name" time="0.180" /><testcase classname="backend.tests.test_problemas_api.TestAuth" name="test_login_success" time="0.360" /><testcase classname="backend.tests.test_problemas_api.TestAuth" name="test_login_invalid" time="0.326" /><testcase classname="backend.tests.test_problemas_api.TestAuth" name="test_me_requires_auth" time="0.101" /><testcase classname="backend.tests.test_problemas_api.TestAuth" name="test_me_with_cookie" time="0.510" /><testcase classname="backend.tests.test_problemas_api.TestAuth" name="test_logout" time="0.429" /><testcase classname="backend.tests.test_problemas_api.TestProblemas" name="test_create_problema" time="0.087" /><testcase classname="backend.tests.test_problemas_api.TestProblemas" name="test_get_problema" time="0.077" /><testcase classname="backend.tests.test_problemas_api.TestProblemas" name="test_list_problemas" time="0.084" /><testcase classname="backend.tests.test_problemas_api.TestProblemas" name="test_filter_by_estado" time="0.130" /><testcase classname="backend.tests.test_problemas_api.TestProblemas" name="test_filter_by_tipologia" time="0.062" /><testcase classname="backend.tests.test_problemas_api.TestProblemas" name="test_search_q" time="0.072" /><testcase classname="backend.tests.test_problemas_api.TestProblemas" name="test_patch_problema" time="0.212" /><testcase classname="backend.tests.test_problemas_api.TestFollowUps" name="test_create_followup_changes_state" time="0.163" /><testcase classname="backend.tests.test_problemas_api.TestStats" name="test_stats_structure" time="0.109" /><testcase classname="backend.tests.test_problemas_api.TestExport" name="test_export_csv" time="0.097" /><testcase classname="backend.tests.test_problemas_api.TestExport" name="test_export_requires_auth" time="1.598" /></testsuite></testsuites>