<?xml version="1.0" encoding="utf-8"?><testsuites name="pytest tests"><testsuite name="pytest" errors="0" failures="1" skipped="0" tests="16" time="3.712" timestamp="2026-06-15T14:32:51.292994+00:00" hostname="agent-env-1addad28-7e66-45fd-b5e4-28007263de06"><testcase classname="backend.tests.test_users_attachments.TestUsers" name="test_create_user_admin" time="0.748" /><testcase classname="backend.tests.test_users_attachments.TestUsers" name="test_list_users_returns_admin_and_consultor" time="0.053" /><testcase classname="backend.tests.test_users_attachments.TestUsers" name="test_list_users_consultor_can_read" time="0.369" /><testcase classname="backend.tests.test_users_attachments.TestUsers" name="test_consultor_cannot_create_user" time="0.045" /><testcase classname="backend.tests.test_users_attachments.TestUsers" name="test_consultor_cannot_patch_user" time="0.049" /><testcase classname="backend.tests.test_users_attachments.TestUsers" name="test_consultor_cannot_delete_user" time="0.045" /><testcase classname="backend.tests.test_users_attachments.TestUsers" name="test_admin_cannot_delete_self" time="0.232" /><testcase classname="backend.tests.test_users_attachments.TestUsers" name="test_admin_can_patch_user" time="0.047" /><testcase classname="backend.tests.test_users_attachments.TestAssignment" name="test_create_with_assignment_returns_user_info" time="0.323"><failure message="AssertionError: assert 'TEST Consultor Updated' == 'TEST Consultor One'&#10;  &#10;  - TEST Consultor One&#10;  ?                ^^&#10;  + TEST Consultor Updated&#10;  ?                ^^^^^ +">backend/tests/test_users_attachments.py:138: in test_create_with_assignment_returns_user_info
    assert assigned_problema.get("atribuido_a_name") == consultor_data["name"]
E   AssertionError: assert 'TEST Consultor Updated' == 'TEST Consultor One'
E     
E     - TEST Consultor One
E     ?                ^^
E     + TEST Consultor Updated
E     ?                ^^^^^ +</failure></testcase><testcase classname="backend.tests.test_users_attachments.TestAssignment" name="test_get_problema_includes_followups_attachments_audit" time="0.052" /><testcase classname="backend.tests.test_users_attachments.TestAssignment" name="test_filter_by_atribuido_a_id" time="0.046" /><testcase classname="backend.tests.test_users_attachments.TestProblemaPermissions" name="test_consultor_cannot_edit_problema_he_did_not_create" time="0.046" /><testcase classname="backend.tests.test_users_attachments.TestProblemaPermissions" name="test_consultor_cannot_delete_problema" time="0.045" /><testcase classname="backend.tests.test_users_attachments.TestProblemaPermissions" name="test_consultor_can_edit_own_problema" time="0.098" /><testcase classname="backend.tests.test_users_attachments.TestAttachments" name="test_upload_and_list_attachment" time="0.741" /><testcase classname="backend.tests.test_users_attachments.TestCSV" name="test_csv_includes_assignee_name" time="0.663" /></testsuite></testsuites>