<?xml version="1.0" encoding="utf-8"?><testsuites name="pytest tests"><testsuite name="pytest" errors="0" failures="0" skipped="0" tests="16" time="3.124" timestamp="2026-06-15T14:16:22.575125+00:00" hostname="agent-env-1addad28-7e66-45fd-b5e4-28007263de06"><testcase classname="backend.tests.test_problemas_api.TestAuth" name="test_login_success" time="0.482" /><testcase classname="backend.tests.test_problemas_api.TestAuth" name="test_login_invalid" time="0.355" /><testcase classname="backend.tests.test_problemas_api.TestAuth" name="test_me_requires_auth" time="0.103" /><testcase classname="backend.tests.test_problemas_api.TestAuth" name="test_me_with_cookie" time="0.375" /><testcase classname="backend.tests.test_problemas_api.TestAuth" name="test_logout" time="0.464" /><testcase classname="backend.tests.test_problemas_api.TestProblemas" name="test_create_problema" time="0.052" /><testcase classname="backend.tests.test_problemas_api.TestProblemas" name="test_get_problema" time="0.049" /><testcase classname="backend.tests.test_problemas_api.TestProblemas" name="test_list_problemas" time="0.047" /><testcase classname="backend.tests.test_problemas_api.TestProblemas" name="test_filter_by_estado" time="0.046" /><testcase classname="backend.tests.test_problemas_api.TestProblemas" name="test_filter_by_tipologia" time="0.049" /><testcase classname="backend.tests.test_problemas_api.TestProblemas" name="test_search_q" time="0.051" /><testcase classname="backend.tests.test_problemas_api.TestProblemas" name="test_patch_problema" time="0.112" /><testcase classname="backend.tests.test_problemas_api.TestFollowUps" name="test_create_followup_changes_state" time="0.099" /><testcase classname="backend.tests.test_problemas_api.TestStats" name="test_stats_structure" time="0.050" /><testcase classname="backend.tests.test_problemas_api.TestExport" name="test_export_csv" time="0.054" /><testcase classname="backend.tests.test_problemas_api.TestExport" name="test_export_requires_auth" time="0.547" /></testsuite></testsuites>